#
# A fatal error has been detected by the Java Runtime Environment:
#
#  EXCEPTION_ACCESS_VIOLATION (0xc0000005) at pc=0x0000000180005b00, pid=16188, tid=10380
#
# JRE version: Java(TM) SE Runtime Environment (10.0.2+13) (build 10.0.2+13)
# Java VM: Java HotSpot(TM) 64-Bit Server VM (10.0.2+13, mixed mode, tiered, compressed oops, g1 gc, windows-amd64)
# Problematic frame:
# C  [rxtxSerial.dll+0x5b00]
#
# No core dump will be written. Minidumps are not enabled by default on client versions of Windows
#
# If you would like to submit a bug report, please visit:
#   http://bugreport.java.com/bugreport/crash.jsp
# The crash happened outside the Java Virtual Machine in native code.
# See problematic frame for where to report the bug.
#

---------------  S U M M A R Y ------------

Command Line: -Djava.library.path=E:\qq相关\TIM文件\loognix\R2000\R2000 - 中文\开发sdk\JAVA桌面版本封装SDK\JavaRFID\javaRFID-demo\libs -Dfile.encoding=GBK com.main.test.Test

Host: Intel(R) Core(TM) i7-6500U CPU @ 2.50GHz, 4 cores, 11G,  Windows 10 , 64 bit Build 17134 (10.0.17134.753)
Time: Sun Jun 09 15:55:45 2019 ?D1ú±ê×?ê±?? elapsed time: 0 seconds (0d 0h 0m 0s)

---------------  T H R E A D  ---------------

Current thread (0x0000021b78b79800):  JavaThread "Thread-1" [_thread_in_native, id=10380, stack(0x0000007b70900000,0x0000007b70a00000)]

Stack: [0x0000007b70900000,0x0000007b70a00000],  sp=0x0000007b709feb50,  free space=1018k
Native frames: (J=compiled Java code, j=interpreted, Vv=VM code, C=native code)
C  [rxtxSerial.dll+0x5b00]

Java frames: (J=compiled Java code, j=interpreted, Vv=VM code)
j  gnu.io.RXTXPort.readArray([BII)I+0
j  gnu.io.RXTXPort$SerialInputStream.read([BII)I+212
j  gnu.io.RXTXPort$SerialInputStream.read([B)I+60
j  com.module.interaction.ReaderHelper$ReaderBase$WaitThread.run()V+17
v  ~StubRoutines::call_stub

siginfo: EXCEPTION_ACCESS_VIOLATION (0xc0000005), reading address 0x00000000708ff058


Register to memory mapping:

RIP=0x0000000180005b00 rxtxSerial.dll
RAX=0x0000000000000001 is an unknown value
RBX=0x0000000000000000 is an unknown value
RCX=0x000000018001d4d5 rxtxSerial.dll
RDX=0xfffffffffffff665 is an unknown value
RSP=0x0000007b709feb50 is pointing into the stack for thread: 0x0000021b78b79800
RBP=0x00000000ffffffff is an unknown value
RSI=0x0000000000000000 is an unknown value
RDI=0x0000021b78b79a70 is an unknown value
R8 =0x0000000000000002 is an unknown value
R9 =0xfffffffffffff63c is an unknown value
R10=0x0000000000000008 is an unknown value
R11=0x8101010101010100 is an unknown value
R12=0x00000000708ff050 is an unknown value
R13=0x0000000000000001 is an unknown value
R14=0x0000007b709fed38 is pointing into the stack for thread: 0x0000021b78b79800
R15=0x0000000000000000 is an unknown value


Registers:
RAX=0x0000000000000001, RBX=0x0000000000000000, RCX=0x000000018001d4d5, RDX=0xfffffffffffff665
RSP=0x0000007b709feb50, RBP=0x00000000ffffffff, RSI=0x0000000000000000, RDI=0x0000021b78b79a70
R8 =0x0000000000000002, R9 =0xfffffffffffff63c, R10=0x0000000000000008, R11=0x8101010101010100
R12=0x00000000708ff050, R13=0x0000000000000001, R14=0x0000007b709fed38, R15=0x0000000000000000
RIP=0x0000000180005b00, EFLAGS=0x0000000000010202

Top of Stack: (sp=0x0000007b709feb50)
0x0000007b709feb50:   0000000000000000 0000000000000000
0x0000007b709feb60:   0000007b709fed40 0000000000000000
0x0000007b709feb70:   0000000000000000 0000007b709fed38
0x0000007b709feb80:   0000021b784ed3d0 0000000000000001
0x0000007b709feb90:   0000021b78b79a70 0000000000000001
0x0000007b709feba0:   ffffffffffffffff 0000000180006211
0x0000007b709febb0:   0000021b78ba9ad0 0000000000000000
0x0000007b709febc0:   ffffffff00000001 0000021b78ba9ad0
0x0000007b709febd0:   0000007b00000001 00000000ffffffff
0x0000007b709febe0:   0000007b709fed40 0000021b784ed3d8
0x0000007b709febf0:   0000021b784ed3d8 0000021b78b9eb20
0x0000007b709fec00:   0000007b709ff1d8 000000005c2546e3
0x0000007b709fec10:   0000021b78b79800 000000005c449277
0x0000007b709fec20:   3ff0000000000000 00001e8c8b892749
0x0000007b709fec30:   0000021b784ed3d8 0000021b784ed3d0
0x0000007b709fec40:   0000021b78b79800 0000007b709fed40 

Instructions: (pc=0x0000000180005b00)
0x0000000180005ae0:   15 23 7a 01 00 48 8d 48 60 e8 3a 5d 00 00 4c 8b
0x0000000180005af0:   e5 8b ac 24 88 00 00 00 44 8b ac 24 80 00 00 00
0x0000000180005b00:   45 8b 74 24 08 41 89 5c 24 08 41 8b fd 85 ed 78
0x0000000180005b10:   09 ff 15 e9 14 01 00 44 8b f8 45 85 ed 7e 4a 90 



---------------  P R O C E S S  ---------------

Threads class SMR info:
_java_thread_list=0x0000021b78baffc0, length=13, elements={
0x0000021b7888b800, 0x0000021b78896000, 0x0000021b788f6800, 0x0000021b788f7800,
0x0000021b788fb800, 0x0000021b7890a800, 0x0000021b78913800, 0x0000021b78996800,
0x0000021b78b07800, 0x0000021b78b0c000, 0x0000021b78b78800, 0x0000021b78b79800,
0x0000021b52392000
}

Java Threads: ( => current thread )
  0x0000021b7888b800 JavaThread "Reference Handler" daemon [_thread_blocked, id=15160, stack(0x0000007b6fb00000,0x0000007b6fc00000)]
  0x0000021b78896000 JavaThread "Finalizer" daemon [_thread_blocked, id=10980, stack(0x0000007b6fc00000,0x0000007b6fd00000)]
  0x0000021b788f6800 JavaThread "Signal Dispatcher" daemon [_thread_blocked, id=6488, stack(0x0000007b6fd00000,0x0000007b6fe00000)]
  0x0000021b788f7800 JavaThread "Attach Listener" daemon [_thread_blocked, id=292, stack(0x0000007b6fe00000,0x0000007b6ff00000)]
  0x0000021b788fb800 JavaThread "C2 CompilerThread0" daemon [_thread_blocked, id=9340, stack(0x0000007b6ff00000,0x0000007b70000000)]
  0x0000021b7890a800 JavaThread "C2 CompilerThread1" daemon [_thread_blocked, id=17132, stack(0x0000007b70000000,0x0000007b70100000)]
  0x0000021b78913800 JavaThread "C1 CompilerThread2" daemon [_thread_blocked, id=6892, stack(0x0000007b70100000,0x0000007b70200000)]
  0x0000021b78996800 JavaThread "Sweeper thread" daemon [_thread_blocked, id=5580, stack(0x0000007b70200000,0x0000007b70300000)]
  0x0000021b78b07800 JavaThread "Service Thread" daemon [_thread_blocked, id=15944, stack(0x0000007b70300000,0x0000007b70400000)]
  0x0000021b78b0c000 JavaThread "Common-Cleaner" daemon [_thread_blocked, id=13672, stack(0x0000007b70400000,0x0000007b70500000)]
  0x0000021b78b78800 JavaThread "Thread-0" [_thread_in_native, id=15028, stack(0x0000007b70800000,0x0000007b70900000)]
=>0x0000021b78b79800 JavaThread "Thread-1" [_thread_in_native, id=10380, stack(0x0000007b70900000,0x0000007b70a00000)]
  0x0000021b52392000 JavaThread "DestroyJavaVM" [_thread_blocked, id=15176, stack(0x0000007b6ee00000,0x0000007b6ef00000)]

Other Threads:
  0x0000021b78887000 VMThread "VM Thread" [stack: 0x0000007b6fa00000,0x0000007b6fb00000] [id=7476]
  0x0000021b78b0c800 WatcherThread [stack: 0x0000007b70500000,0x0000007b70600000] [id=5352]
  0x0000021b523ab000 GCTaskThread "GC Thread#0" [stack: 0x0000007b6ef00000,0x0000007b6f000000] [id=15032]
  0x0000021b523ad800 GCTaskThread "GC Thread#1" [stack: 0x0000007b6f000000,0x0000007b6f100000] [id=3296]
  0x0000021b523af000 GCTaskThread "GC Thread#2" [stack: 0x0000007b6f100000,0x0000007b6f200000] [id=7620]
  0x0000021b523b1000 GCTaskThread "GC Thread#3" [stack: 0x0000007b6f200000,0x0000007b6f300000] [id=6164]
  0x0000021b5244f000 ConcurrentGCThread "G1 Main Marker" [stack: 0x0000007b6f300000,0x0000007b6f400000] [id=16528]
  0x0000021b52453800 ConcurrentGCThread "G1 Conc#0" [stack: 0x0000007b6f400000,0x0000007b6f500000] [id=11952]
  0x0000021b77f00800 ConcurrentGCThread "G1 Refine#0" [stack: 0x0000007b6f500000,0x0000007b6f600000] [id=1644]
  0x0000021b77f02800 ConcurrentGCThread "G1 Refine#1" [stack: 0x0000007b6f600000,0x0000007b6f700000] [id=12552]
  0x0000021b77f04800 ConcurrentGCThread "G1 Refine#2" [stack: 0x0000007b6f700000,0x0000007b6f800000] [id=10092]
  0x0000021b77f09000 ConcurrentGCThread "G1 Refine#3" [stack: 0x0000007b6f800000,0x0000007b6f900000] [id=5792]
  0x0000021b77f0d000 ConcurrentGCThread "G1 Young RemSet Sampling" [stack: 0x0000007b6f900000,0x0000007b6fa00000] [id=12616]

Threads with active compile tasks:

VM state:not at safepoint (normal execution)

VM Mutex/Monitor currently owned by a thread: None

Heap address: 0x0000000701e00000, size: 3042 MB, Compressed Oops mode: Zero based, Oop shift amount: 3
Narrow klass base: 0x0000000000000000, Narrow klass shift: 3
Compressed class space size: 1073741824 Address: 0x00000007c0000000

Heap:
 garbage-first heap   total 196608K, used 3072K [0x0000000701e00000, 0x00000007c0000000)
  region size 1024K, 4 young (4096K), 0 survivors (0K)
 Metaspace       used 6920K, capacity 7127K, committed 7296K, reserved 1056768K
  class space    used 581K, capacity 612K, committed 640K, reserved 1048576K
Heap Regions: E=young(eden), S=young(survivor), O=old, HS=humongous(starts), HC=humongous(continues), CS=collection set, F=free, A=archive, TS=gc time stamp, AC=allocation context, TAMS=top-at-mark-start (previous, next)
|   0|0x0000000701e00000, 0x0000000701e00000, 0x0000000701f00000|  0%| F|  |TS  0|AC  0|TAMS 0x0000000701e00000, 0x0000000701e00000|
|   1|0x0000000701f00000, 0x0000000701f00000, 0x0000000702000000|  0%| F|  |TS  0|AC  0|TAMS 0x0000000701f00000, 0x0000000701f00000|
|   2|0x0000000702000000, 0x0000000702000000, 0x0000000702100000|  0%| F|  |TS  0|AC  0|TAMS 0x0000000702000000, 0x0000000702000000|
|   3|0x0000000702100000, 0x0000000702100000, 0x0000000702200000|  0%| F|  |TS  0|AC  0|TAMS 0x0000000702100000, 0x0000000702100000|
|   4|0x0000000702200000, 0x0000000702200000, 0x0000000702300000|  0%| F|  |TS  0|AC  0|TAMS 0x0000000702200000, 0x0000000702200000|
|   5|0x0000000702300000, 0x0000000702300000, 0x0000000702400000|  0%| F|  |TS  0|AC  0|TAMS 0x0000000702300000, 0x0000000702300000|
|   6|0x0000000702400000, 0x0000000702400000, 0x0000000702500000|  0%| F|  |TS  0|AC  0|TAMS 0x0000000702400000, 0x0000000702400000|
|   7|0x0000000702500000, 0x0000000702500000, 0x0000000702600000|  0%| F|  |TS  0|AC  0|TAMS 0x0000000702500000, 0x0000000702500000|
|   8|0x0000000702600000, 0x0000000702600000, 0x0000000702700000|  0%| F|  |TS  0|AC  0|TAMS 0x0000000702600000, 0x0000000702600000|
|   9|0x0000000702700000, 0x0000000702700000, 0x0000000702800000|  0%| F|  |TS  0|AC  0|TAMS 0x0000000702700000, 0x0000000702700000|
|  10|0x0000000702800000, 0x0000000702800000, 0x0000000702900000|  0%| F|  |TS  0|AC  0|TAMS 0x0000000702800000, 0x0000000702800000|
|  11|0x0000000702900000, 0x0000000702900000, 0x0000000702a00000|  0%| F|  |TS  0|AC  0|TAMS 0x0000000702900000, 0x0000000702900000|
|  12|0x0000000702a00000, 0x0000000702a00000, 0x0000000702b00000|  0%| F|  |TS  0|AC  0|TAMS 0x0000000702a00000, 0x0000000702a00000|
|  13|0x0000000702b00000, 0x0000000702b00000, 0x0000000702c00000|  0%| F|  |TS  0|AC  0|TAMS 0x0000000702b00000, 0x0000000702b00000|
|  14|0x0000000702c00000, 0x0000000702c00000, 0x0000000702d00000|  0%| F|  |TS  0|AC  0|TAMS 0x0000000702c00000, 0x0000000702c00000|
|  15|0x0000000702d00000, 0x0000000702d00000, 0x0000000702e00000|  0%| F|  |TS  0|AC  0|TAMS 0x0000000702d00000, 0x0000000702d00000|
|  16|0x0000000702e00000, 0x0000000702e00000, 0x0000000702f00000|  0%| F|  |TS  0|AC  0|TAMS 0x0000000702e00000, 0x0000000702e00000|
|  17|0x0000000702f00000, 0x0000000702f00000, 0x0000000703000000|  0%| F|  |TS  0|AC  0|TAMS 0x0000000702f00000, 0x0000000702f00000|
|  18|0x0000000703000000, 0x0000000703000000, 0x0000000703100000|  0%| F|  |TS  0|AC  0|TAMS 0x0000000703000000, 0x0000000703000000|
|  19|0x0000000703100000, 0x0000000703100000, 0x0000000703200000|  0%| F|  |TS  0|AC  0|TAMS 0x0000000703100000, 0x0000000703100000|
|  20|0x0000000703200000, 0x0000000703200000, 0x0000000703300000|  0%| F|  |TS  0|AC  0|TAMS 0x0000000703200000, 0x0000000703200000|
|  21|0x0000000703300000, 0x0000000703300000, 0x0000000703400000|  0%| F|  |TS  0|AC  0|TAMS 0x0000000703300000, 0x0000000703300000|
|  22|0x0000000703400000, 0x0000000703400000, 0x0000000703500000|  0%| F|  |TS  0|AC  0|TAMS 0x0000000703400000, 0x0000000703400000|
|  23|0x0000000703500000, 0x0000000703500000, 0x0000000703600000|  0%| F|  |TS  0|AC  0|TAMS 0x0000000703500000, 0x0000000703500000|
|  24|0x0000000703600000, 0x0000000703600000, 0x0000000703700000|  0%| F|  |TS  0|AC  0|TAMS 0x0000000703600000, 0x0000000703600000|
|  25|0x0000000703700000, 0x0000000703700000, 0x0000000703800000|  0%| F|  |TS  0|AC  0|TAMS 0x0000000703700000, 0x0000000703700000|
|  26|0x0000000703800000, 0x0000000703800000, 0x0000000703900000|  0%| F|  |TS  0|AC  0|TAMS 0x0000000703800000, 0x0000000703800000|
|  27|0x0000000703900000, 0x0000000703900000, 0x0000000703a00000|  0%| F|  |TS  0|AC  0|TAMS 0x0000000703900000, 0x0000000703900000|
|  28|0x0000000703a00000, 0x0000000703a00000, 0x0000000703b00000|  0%| F|  |TS  0|AC  0|TAMS 0x0000000703a00000, 0x0000000703a00000|
|  29|0x0000000703b00000, 0x0000000703b00000, 0x0000000703c00000|  0%| F|  |TS  0|AC  0|TAMS 0x0000000703b00000, 0x0000000703b00000|
|  30|0x0000000703c00000, 0x0000000703c00000, 0x0000000703d00000|  0%| F|  |TS  0|AC  0|TAMS 0x0000000703c00000, 0x0000000703c00000|
|  31|0x0000000703d00000, 0x0000000703d00000, 0x0000000703e00000|  0%| F|  |TS  0|AC  0|TAMS 0x0000000703d00000, 0x0000000703d00000|
|  32|0x0000000703e00000, 0x0000000703e00000, 0x0000000703f00000|  0%| F|  |TS  0|AC  0|TAMS 0x0000000703e00000, 0x0000000703e00000|
|  33|0x0000000703f00000, 0x0000000703f00000, 0x0000000704000000|  0%| F|  |TS  0|AC  0|TAMS 0x0000000703f00000, 0x0000000703f00000|
|  34|0x0000000704000000, 0x0000000704000000, 0x0000000704100000|  0%| F|  |TS  0|AC  0|TAMS 0x0000000704000000, 0x0000000704000000|
|  35|0x0000000704100000, 0x0000000704100000, 0x0000000704200000|  0%| F|  |TS  0|AC  0|TAMS 0x0000000704100000, 0x0000000704100000|
|  36|0x0000000704200000, 0x0000000704200000, 0x0000000704300000|  0%| F|  |TS  0|AC  0|TAMS 0x0000000704200000, 0x0000000704200000|
|  37|0x0000000704300000, 0x0000000704300000, 0x0000000704400000|  0%| F|  |TS  0|AC  0|TAMS 0x0000000704300000, 0x0000000704300000|
|  38|0x0000000704400000, 0x0000000704400000, 0x0000000704500000|  0%| F|  |TS  0|AC  0|TAMS 0x0000000704400000, 0x0000000704400000|
|  39|0x0000000704500000, 0x0000000704500000, 0x0000000704600000|  0%| F|  |TS  0|AC  0|TAMS 0x0000000704500000, 0x0000000704500000|
|  40|0x0000000704600000, 0x0000000704600000, 0x0000000704700000|  0%| F|  |TS  0|AC  0|TAMS 0x0000000704600000, 0x0000000704600000|
|  41|0x0000000704700000, 0x0000000704700000, 0x0000000704800000|  0%| F|  |TS  0|AC  0|TAMS 0x0000000704700000, 0x0000000704700000|
|  42|0x0000000704800000, 0x0000000704800000, 0x0000000704900000|  0%| F|  |TS  0|AC  0|TAMS 0x0000000704800000, 0x0000000704800000|
|  43|0x0000000704900000, 0x0000000704900000, 0x0000000704a00000|  0%| F|  |TS  0|AC  0|TAMS 0x0000000704900000, 0x0000000704900000|
|  44|0x0000000704a00000, 0x0000000704a00000, 0x0000000704b00000|  0%| F|  |TS  0|AC  0|TAMS 0x0000000704a00000, 0x0000000704a00000|
|  45|0x0000000704b00000, 0x0000000704b00000, 0x0000000704c00000|  0%| F|  |TS  0|AC  0|TAMS 0x0000000704b00000, 0x0000000704b00000|
|  46|0x0000000704c00000, 0x0000000704c00000, 0x0000000704d00000|  0%| F|  |TS  0|AC  0|TAMS 0x0000000704c00000, 0x0000000704c00000|
|  47|0x0000000704d00000, 0x0000000704d00000, 0x0000000704e00000|  0%| F|  |TS  0|AC  0|TAMS 0x0000000704d00000, 0x0000000704d00000|
|  48|0x0000000704e00000, 0x0000000704e00000, 0x0000000704f00000|  0%| F|  |TS  0|AC  0|TAMS 0x0000000704e00000, 0x0000000704e00000|
|  49|0x0000000704f00000, 0x0000000704f00000, 0x0000000705000000|  0%| F|  |TS  0|AC  0|TAMS 0x0000000704f00000, 0x0000000704f00000|
|  50|0x0000000705000000, 0x0000000705000000, 0x0000000705100000|  0%| F|  |TS  0|AC  0|TAMS 0x0000000705000000, 0x0000000705000000|
|  51|0x0000000705100000, 0x0000000705100000, 0x0000000705200000|  0%| F|  |TS  0|AC  0|TAMS 0x0000000705100000, 0x0000000705100000|
|  52|0x0000000705200000, 0x0000000705200000, 0x0000000705300000|  0%| F|  |TS  0|AC  0|TAMS 0x0000000705200000, 0x0000000705200000|
|  53|0x0000000705300000, 0x0000000705300000, 0x0000000705400000|  0%| F|  |TS  0|AC  0|TAMS 0x0000000705300000, 0x0000000705300000|
|  54|0x0000000705400000, 0x0000000705400000, 0x0000000705500000|  0%| F|  |TS  0|AC  0|TAMS 0x0000000705400000, 0x0000000705400000|
|  55|0x0000000705500000, 0x0000000705500000, 0x0000000705600000|  0%| F|  |TS  0|AC  0|TAMS 0x0000000705500000, 0x0000000705500000|
|  56|0x0000000705600000, 0x0000000705600000, 0x0000000705700000|  0%| F|  |TS  0|AC  0|TAMS 0x0000000705600000, 0x0000000705600000|
|  57|0x0000000705700000, 0x0000000705700000, 0x0000000705800000|  0%| F|  |TS  0|AC  0|TAMS 0x0000000705700000, 0x0000000705700000|
|  58|0x0000000705800000, 0x0000000705800000, 0x0000000705900000|  0%| F|  |TS  0|AC  0|TAMS 0x0000000705800000, 0x0000000705800000|
|  59|0x0000000705900000, 0x0000000705900000, 0x0000000705a00000|  0%| F|  |TS  0|AC  0|TAMS 0x0000000705900000, 0x0000000705900000|
|  60|0x0000000705a00000, 0x0000000705a00000, 0x0000000705b00000|  0%| F|  |TS  0|AC  0|TAMS 0x0000000705a00000, 0x0000000705a00000|
|  61|0x0000000705b00000, 0x0000000705b00000, 0x0000000705c00000|  0%| F|  |TS  0|AC  0|TAMS 0x0000000705b00000, 0x0000000705b00000|
|  62|0x0000000705c00000, 0x0000000705c00000, 0x0000000705d00000|  0%| F|  |TS  0|AC  0|TAMS 0x0000000705c00000, 0x0000000705c00000|
|  63|0x0000000705d00000, 0x0000000705d00000, 0x0000000705e00000|  0%| F|  |TS  0|AC  0|TAMS 0x0000000705d00000, 0x0000000705d00000|
|  64|0x0000000705e00000, 0x0000000705e00000, 0x0000000705f00000|  0%| F|  |TS  0|AC  0|TAMS 0x0000000705e00000, 0x0000000705e00000|
|  65|0x0000000705f00000, 0x0000000705f00000, 0x0000000706000000|  0%| F|  |TS  0|AC  0|TAMS 0x0000000705f00000, 0x0000000705f00000|
|  66|0x0000000706000000, 0x0000000706000000, 0x0000000706100000|  0%| F|  |TS  0|AC  0|TAMS 0x0000000706000000, 0x0000000706000000|
|  67|0x0000000706100000, 0x0000000706100000, 0x0000000706200000|  0%| F|  |TS  0|AC  0|TAMS 0x0000000706100000, 0x0000000706100000|
|  68|0x0000000706200000, 0x0000000706200000, 0x0000000706300000|  0%| F|  |TS  0|AC  0|TAMS 0x0000000706200000, 0x0000000706200000|
|  69|0x0000000706300000, 0x0000000706300000, 0x0000000706400000|  0%| F|  |TS  0|AC  0|TAMS 0x0000000706300000, 0x0000000706300000|
|  70|0x0000000706400000, 0x0000000706400000, 0x0000000706500000|  0%| F|  |TS  0|AC  0|TAMS 0x0000000706400000, 0x0000000706400000|
|  71|0x0000000706500000, 0x0000000706500000, 0x0000000706600000|  0%| F|  |TS  0|AC  0|TAMS 0x0000000706500000, 0x0000000706500000|
|  72|0x0000000706600000, 0x0000000706600000, 0x0000000706700000|  0%| F|  |TS  0|AC  0|TAMS 0x0000000706600000, 0x0000000706600000|
|  73|0x0000000706700000, 0x0000000706700000, 0x0000000706800000|  0%| F|  |TS  0|AC  0|TAMS 0x0000000706700000, 0x0000000706700000|
|  74|0x0000000706800000, 0x0000000706800000, 0x0000000706900000|  0%| F|  |TS  0|AC  0|TAMS 0x0000000706800000, 0x0000000706800000|
|  75|0x0000000706900000, 0x0000000706900000, 0x0000000706a00000|  0%| F|  |TS  0|AC  0|TAMS 0x0000000706900000, 0x0000000706900000|
|  76|0x0000000706a00000, 0x0000000706a00000, 0x0000000706b00000|  0%| F|  |TS  0|AC  0|TAMS 0x0000000706a00000, 0x0000000706a00000|
|  77|0x0000000706b00000, 0x0000000706b00000, 0x0000000706c00000|  0%| F|  |TS  0|AC  0|TAMS 0x0000000706b00000, 0x0000000706b00000|
|  78|0x0000000706c00000, 0x0000000706c00000, 0x0000000706d00000|  0%| F|  |TS  0|AC  0|TAMS 0x0000000706c00000, 0x0000000706c00000|
|  79|0x0000000706d00000, 0x0000000706d00000, 0x0000000706e00000|  0%| F|  |TS  0|AC  0|TAMS 0x0000000706d00000, 0x0000000706d00000|
|  80|0x0000000706e00000, 0x0000000706e00000, 0x0000000706f00000|  0%| F|  |TS  0|AC  0|TAMS 0x0000000706e00000, 0x0000000706e00000|
|  81|0x0000000706f00000, 0x0000000706f00000, 0x0000000707000000|  0%| F|  |TS  0|AC  0|TAMS 0x0000000706f00000, 0x0000000706f00000|
|  82|0x0000000707000000, 0x0000000707000000, 0x0000000707100000|  0%| F|  |TS  0|AC  0|TAMS 0x0000000707000000, 0x0000000707000000|
|  83|0x0000000707100000, 0x0000000707100000, 0x0000000707200000|  0%| F|  |TS  0|AC  0|TAMS 0x0000000707100000, 0x0000000707100000|
|  84|0x0000000707200000, 0x0000000707200000, 0x0000000707300000|  0%| F|  |TS  0|AC  0|TAMS 0x0000000707200000, 0x0000000707200000|
|  85|0x0000000707300000, 0x0000000707300000, 0x0000000707400000|  0%| F|  |TS  0|AC  0|TAMS 0x0000000707300000, 0x0000000707300000|
|  86|0x0000000707400000, 0x0000000707400000, 0x0000000707500000|  0%| F|  |TS  0|AC  0|TAMS 0x0000000707400000, 0x0000000707400000|
|  87|0x0000000707500000, 0x0000000707500000, 0x0000000707600000|  0%| F|  |TS  0|AC  0|TAMS 0x0000000707500000, 0x0000000707500000|
|  88|0x0000000707600000, 0x0000000707600000, 0x0000000707700000|  0%| F|  |TS  0|AC  0|TAMS 0x0000000707600000, 0x0000000707600000|
|  89|0x0000000707700000, 0x0000000707700000, 0x0000000707800000|  0%| F|  |TS  0|AC  0|TAMS 0x0000000707700000, 0x0000000707700000|
|  90|0x0000000707800000, 0x0000000707800000, 0x0000000707900000|  0%| F|  |TS  0|AC  0|TAMS 0x0000000707800000, 0x0000000707800000|
|  91|0x0000000707900000, 0x0000000707900000, 0x0000000707a00000|  0%| F|  |TS  0|AC  0|TAMS 0x0000000707900000, 0x0000000707900000|
|  92|0x0000000707a00000, 0x0000000707a00000, 0x0000000707b00000|  0%| F|  |TS  0|AC  0|TAMS 0x0000000707a00000, 0x0000000707a00000|
|  93|0x0000000707b00000, 0x0000000707b00000, 0x0000000707c00000|  0%| F|  |TS  0|AC  0|TAMS 0x0000000707b00000, 0x0000000707b00000|
|  94|0x0000000707c00000, 0x0000000707c00000, 0x0000000707d00000|  0%| F|  |TS  0|AC  0|TAMS 0x0000000707c00000, 0x0000000707c00000|
|  95|0x0000000707d00000, 0x0000000707d00000, 0x0000000707e00000|  0%| F|  |TS  0|AC  0|TAMS 0x0000000707d00000, 0x0000000707d00000|
|  96|0x0000000707e00000, 0x0000000707e00000, 0x0000000707f00000|  0%| F|  |TS  0|AC  0|TAMS 0x0000000707e00000, 0x0000000707e00000|
|  97|0x0000000707f00000, 0x0000000707f00000, 0x0000000708000000|  0%| F|  |TS  0|AC  0|TAMS 0x0000000707f00000, 0x0000000707f00000|
|  98|0x0000000708000000, 0x0000000708000000, 0x0000000708100000|  0%| F|  |TS  0|AC  0|TAMS 0x0000000708000000, 0x0000000708000000|
|  99|0x0000000708100000, 0x0000000708100000, 0x0000000708200000|  0%| F|  |TS  0|AC  0|TAMS 0x0000000708100000, 0x0000000708100000|
| 100|0x0000000708200000, 0x0000000708200000, 0x0000000708300000|  0%| F|  |TS  0|AC  0|TAMS 0x0000000708200000, 0x0000000708200000|
| 101|0x0000000708300000, 0x0000000708300000, 0x0000000708400000|  0%| F|  |TS  0|AC  0|TAMS 0x0000000708300000, 0x0000000708300000|
| 102|0x0000000708400000, 0x0000000708400000, 0x0000000708500000|  0%| F|  |TS  0|AC  0|TAMS 0x0000000708400000, 0x0000000708400000|
| 103|0x0000000708500000, 0x0000000708500000, 0x0000000708600000|  0%| F|  |TS  0|AC  0|TAMS 0x0000000708500000, 0x0000000708500000|
| 104|0x0000000708600000, 0x0000000708600000, 0x0000000708700000|  0%| F|  |TS  0|AC  0|TAMS 0x0000000708600000, 0x0000000708600000|
| 105|0x0000000708700000, 0x0000000708700000, 0x0000000708800000|  0%| F|  |TS  0|AC  0|TAMS 0x0000000708700000, 0x0000000708700000|
| 106|0x0000000708800000, 0x0000000708800000, 0x0000000708900000|  0%| F|  |TS  0|AC  0|TAMS 0x0000000708800000, 0x0000000708800000|
| 107|0x0000000708900000, 0x0000000708900000, 0x0000000708a00000|  0%| F|  |TS  0|AC  0|TAMS 0x0000000708900000, 0x0000000708900000|
| 108|0x0000000708a00000, 0x0000000708a00000, 0x0000000708b00000|  0%| F|  |TS  0|AC  0|TAMS 0x0000000708a00000, 0x0000000708a00000|
| 109|0x0000000708b00000, 0x0000000708b00000, 0x0000000708c00000|  0%| F|  |TS  0|AC  0|TAMS 0x0000000708b00000, 0x0000000708b00000|
| 110|0x0000000708c00000, 0x0000000708c00000, 0x0000000708d00000|  0%| F|  |TS  0|AC  0|TAMS 0x0000000708c00000, 0x0000000708c00000|
| 111|0x0000000708d00000, 0x0000000708d00000, 0x0000000708e00000|  0%| F|  |TS  0|AC  0|TAMS 0x0000000708d00000, 0x0000000708d00000|
| 112|0x0000000708e00000, 0x0000000708e00000, 0x0000000708f00000|  0%| F|  |TS  0|AC  0|TAMS 0x0000000708e00000, 0x0000000708e00000|
| 113|0x0000000708f00000, 0x0000000708f00000, 0x0000000709000000|  0%| F|  |TS  0|AC  0|TAMS 0x0000000708f00000, 0x0000000708f00000|
| 114|0x0000000709000000, 0x0000000709000000, 0x0000000709100000|  0%| F|  |TS  0|AC  0|TAMS 0x0000000709000000, 0x0000000709000000|
| 115|0x0000000709100000, 0x0000000709100000, 0x0000000709200000|  0%| F|  |TS  0|AC  0|TAMS 0x0000000709100000, 0x0000000709100000|
| 116|0x0000000709200000, 0x0000000709200000, 0x0000000709300000|  0%| F|  |TS  0|AC  0|TAMS 0x0000000709200000, 0x0000000709200000|
| 117|0x0000000709300000, 0x0000000709300000, 0x0000000709400000|  0%| F|  |TS  0|AC  0|TAMS 0x0000000709300000, 0x0000000709300000|
| 118|0x0000000709400000, 0x0000000709400000, 0x0000000709500000|  0%| F|  |TS  0|AC  0|TAMS 0x0000000709400000, 0x0000000709400000|
| 119|0x0000000709500000, 0x0000000709500000, 0x0000000709600000|  0%| F|  |TS  0|AC  0|TAMS 0x0000000709500000, 0x0000000709500000|
| 120|0x0000000709600000, 0x0000000709600000, 0x0000000709700000|  0%| F|  |TS  0|AC  0|TAMS 0x0000000709600000, 0x0000000709600000|
| 121|0x0000000709700000, 0x0000000709700000, 0x0000000709800000|  0%| F|  |TS  0|AC  0|TAMS 0x0000000709700000, 0x0000000709700000|
| 122|0x0000000709800000, 0x0000000709800000, 0x0000000709900000|  0%| F|  |TS  0|AC  0|TAMS 0x0000000709800000, 0x0000000709800000|
| 123|0x0000000709900000, 0x0000000709900000, 0x0000000709a00000|  0%| F|  |TS  0|AC  0|TAMS 0x0000000709900000, 0x0000000709900000|
| 124|0x0000000709a00000, 0x0000000709a00000, 0x0000000709b00000|  0%| F|  |TS  0|AC  0|TAMS 0x0000000709a00000, 0x0000000709a00000|
| 125|0x0000000709b00000, 0x0000000709b00000, 0x0000000709c00000|  0%| F|  |TS  0|AC  0|TAMS 0x0000000709b00000, 0x0000000709b00000|
| 126|0x0000000709c00000, 0x0000000709c00000, 0x0000000709d00000|  0%| F|  |TS  0|AC  0|TAMS 0x0000000709c00000, 0x0000000709c00000|
| 127|0x0000000709d00000, 0x0000000709d00000, 0x0000000709e00000|  0%| F|  |TS  0|AC  0|TAMS 0x0000000709d00000, 0x0000000709d00000|
| 128|0x0000000709e00000, 0x0000000709e00000, 0x0000000709f00000|  0%| F|  |TS  0|AC  0|TAMS 0x0000000709e00000, 0x0000000709e00000|
| 129|0x0000000709f00000, 0x0000000709f00000, 0x000000070a000000|  0%| F|  |TS  0|AC  0|TAMS 0x0000000709f00000, 0x0000000709f00000|
| 130|0x000000070a000000, 0x000000070a000000, 0x000000070a100000|  0%| F|  |TS  0|AC  0|TAMS 0x000000070a000000, 0x000000070a000000|
| 131|0x000000070a100000, 0x000000070a100000, 0x000000070a200000|  0%| F|  |TS  0|AC  0|TAMS 0x000000070a100000, 0x000000070a100000|
| 132|0x000000070a200000, 0x000000070a200000, 0x000000070a300000|  0%| F|  |TS  0|AC  0|TAMS 0x000000070a200000, 0x000000070a200000|
| 133|0x000000070a300000, 0x000000070a300000, 0x000000070a400000|  0%| F|  |TS  0|AC  0|TAMS 0x000000070a300000, 0x000000070a300000|
| 134|0x000000070a400000, 0x000000070a400000, 0x000000070a500000|  0%| F|  |TS  0|AC  0|TAMS 0x000000070a400000, 0x000000070a400000|
| 135|0x000000070a500000, 0x000000070a500000, 0x000000070a600000|  0%| F|  |TS  0|AC  0|TAMS 0x000000070a500000, 0x000000070a500000|
| 136|0x000000070a600000, 0x000000070a600000, 0x000000070a700000|  0%| F|  |TS  0|AC  0|TAMS 0x000000070a600000, 0x000000070a600000|
| 137|0x000000070a700000, 0x000000070a700000, 0x000000070a800000|  0%| F|  |TS  0|AC  0|TAMS 0x000000070a700000, 0x000000070a700000|
| 138|0x000000070a800000, 0x000000070a800000, 0x000000070a900000|  0%| F|  |TS  0|AC  0|TAMS 0x000000070a800000, 0x000000070a800000|
| 139|0x000000070a900000, 0x000000070a900000, 0x000000070aa00000|  0%| F|  |TS  0|AC  0|TAMS 0x000000070a900000, 0x000000070a900000|
| 140|0x000000070aa00000, 0x000000070aa00000, 0x000000070ab00000|  0%| F|  |TS  0|AC  0|TAMS 0x000000070aa00000, 0x000000070aa00000|
| 141|0x000000070ab00000, 0x000000070ab00000, 0x000000070ac00000|  0%| F|  |TS  0|AC  0|TAMS 0x000000070ab00000, 0x000000070ab00000|
| 142|0x000000070ac00000, 0x000000070ac00000, 0x000000070ad00000|  0%| F|  |TS  0|AC  0|TAMS 0x000000070ac00000, 0x000000070ac00000|
| 143|0x000000070ad00000, 0x000000070ad00000, 0x000000070ae00000|  0%| F|  |TS  0|AC  0|TAMS 0x000000070ad00000, 0x000000070ad00000|
| 144|0x000000070ae00000, 0x000000070ae00000, 0x000000070af00000|  0%| F|  |TS  0|AC  0|TAMS 0x000000070ae00000, 0x000000070ae00000|
| 145|0x000000070af00000, 0x000000070af00000, 0x000000070b000000|  0%| F|  |TS  0|AC  0|TAMS 0x000000070af00000, 0x000000070af00000|
| 146|0x000000070b000000, 0x000000070b000000, 0x000000070b100000|  0%| F|  |TS  0|AC  0|TAMS 0x000000070b000000, 0x000000070b000000|
| 147|0x000000070b100000, 0x000000070b100000, 0x000000070b200000|  0%| F|  |TS  0|AC  0|TAMS 0x000000070b100000, 0x000000070b100000|
| 148|0x000000070b200000, 0x000000070b200000, 0x000000070b300000|  0%| F|  |TS  0|AC  0|TAMS 0x000000070b200000, 0x000000070b200000|
| 149|0x000000070b300000, 0x000000070b300000, 0x000000070b400000|  0%| F|  |TS  0|AC  0|TAMS 0x000000070b300000, 0x000000070b300000|
| 150|0x000000070b400000, 0x000000070b400000, 0x000000070b500000|  0%| F|  |TS  0|AC  0|TAMS 0x000000070b400000, 0x000000070b400000|
| 151|0x000000070b500000, 0x000000070b500000, 0x000000070b600000|  0%| F|  |TS  0|AC  0|TAMS 0x000000070b500000, 0x000000070b500000|
| 152|0x000000070b600000, 0x000000070b600000, 0x000000070b700000|  0%| F|  |TS  0|AC  0|TAMS 0x000000070b600000, 0x000000070b600000|
| 153|0x000000070b700000, 0x000000070b700000, 0x000000070b800000|  0%| F|  |TS  0|AC  0|TAMS 0x000000070b700000, 0x000000070b700000|
| 154|0x000000070b800000, 0x000000070b800000, 0x000000070b900000|  0%| F|  |TS  0|AC  0|TAMS 0x000000070b800000, 0x000000070b800000|
| 155|0x000000070b900000, 0x000000070b900000, 0x000000070ba00000|  0%| F|  |TS  0|AC  0|TAMS 0x000000070b900000, 0x000000070b900000|
| 156|0x000000070ba00000, 0x000000070ba00000, 0x000000070bb00000|  0%| F|  |TS  0|AC  0|TAMS 0x000000070ba00000, 0x000000070ba00000|
| 157|0x000000070bb00000, 0x000000070bb00000, 0x000000070bc00000|  0%| F|  |TS  0|AC  0|TAMS 0x000000070bb00000, 0x000000070bb00000|
| 158|0x000000070bc00000, 0x000000070bc00000, 0x000000070bd00000|  0%| F|  |TS  0|AC  0|TAMS 0x000000070bc00000, 0x000000070bc00000|
| 159|0x000000070bd00000, 0x000000070bd00000, 0x000000070be00000|  0%| F|  |TS  0|AC  0|TAMS 0x000000070bd00000, 0x000000070bd00000|
| 160|0x000000070be00000, 0x000000070be00000, 0x000000070bf00000|  0%| F|  |TS  0|AC  0|TAMS 0x000000070be00000, 0x000000070be00000|
| 161|0x000000070bf00000, 0x000000070bf00000, 0x000000070c000000|  0%| F|  |TS  0|AC  0|TAMS 0x000000070bf00000, 0x000000070bf00000|
| 162|0x000000070c000000, 0x000000070c000000, 0x000000070c100000|  0%| F|  |TS  0|AC  0|TAMS 0x000000070c000000, 0x000000070c000000|
| 163|0x000000070c100000, 0x000000070c100000, 0x000000070c200000|  0%| F|  |TS  0|AC  0|TAMS 0x000000070c100000, 0x000000070c100000|
| 164|0x000000070c200000, 0x000000070c200000, 0x000000070c300000|  0%| F|  |TS  0|AC  0|TAMS 0x000000070c200000, 0x000000070c200000|
| 165|0x000000070c300000, 0x000000070c300000, 0x000000070c400000|  0%| F|  |TS  0|AC  0|TAMS 0x000000070c300000, 0x000000070c300000|
| 166|0x000000070c400000, 0x000000070c400000, 0x000000070c500000|  0%| F|  |TS  0|AC  0|TAMS 0x000000070c400000, 0x000000070c400000|
| 167|0x000000070c500000, 0x000000070c500000, 0x000000070c600000|  0%| F|  |TS  0|AC  0|TAMS 0x000000070c500000, 0x000000070c500000|
| 168|0x000000070c600000, 0x000000070c600000, 0x000000070c700000|  0%| F|  |TS  0|AC  0|TAMS 0x000000070c600000, 0x000000070c600000|
| 169|0x000000070c700000, 0x000000070c700000, 0x000000070c800000|  0%| F|  |TS  0|AC  0|TAMS 0x000000070c700000, 0x000000070c700000|
| 170|0x000000070c800000, 0x000000070c800000, 0x000000070c900000|  0%| F|  |TS  0|AC  0|TAMS 0x000000070c800000, 0x000000070c800000|
| 171|0x000000070c900000, 0x000000070c900000, 0x000000070ca00000|  0%| F|  |TS  0|AC  0|TAMS 0x000000070c900000, 0x000000070c900000|
| 172|0x000000070ca00000, 0x000000070ca00000, 0x000000070cb00000|  0%| F|  |TS  0|AC  0|TAMS 0x000000070ca00000, 0x000000070ca00000|
| 173|0x000000070cb00000, 0x000000070cb00000, 0x000000070cc00000|  0%| F|  |TS  0|AC  0|TAMS 0x000000070cb00000, 0x000000070cb00000|
| 174|0x000000070cc00000, 0x000000070cc00000, 0x000000070cd00000|  0%| F|  |TS  0|AC  0|TAMS 0x000000070cc00000, 0x000000070cc00000|
| 175|0x000000070cd00000, 0x000000070cd00000, 0x000000070ce00000|  0%| F|  |TS  0|AC  0|TAMS 0x000000070cd00000, 0x000000070cd00000|
| 176|0x000000070ce00000, 0x000000070ce00000, 0x000000070cf00000|  0%| F|  |TS  0|AC  0|TAMS 0x000000070ce00000, 0x000000070ce00000|
| 177|0x000000070cf00000, 0x000000070cf00000, 0x000000070d000000|  0%| F|  |TS  0|AC  0|TAMS 0x000000070cf00000, 0x000000070cf00000|
| 178|0x000000070d000000, 0x000000070d000000, 0x000000070d100000|  0%| F|  |TS  0|AC  0|TAMS 0x000000070d000000, 0x000000070d000000|
| 179|0x000000070d100000, 0x000000070d100000, 0x000000070d200000|  0%| F|  |TS  0|AC  0|TAMS 0x000000070d100000, 0x000000070d100000|
| 180|0x000000070d200000, 0x000000070d200000, 0x000000070d300000|  0%| F|  |TS  0|AC  0|TAMS 0x000000070d200000, 0x000000070d200000|
| 181|0x000000070d300000, 0x000000070d300000, 0x000000070d400000|  0%| F|  |TS  0|AC  0|TAMS 0x000000070d300000, 0x000000070d300000|
| 182|0x000000070d400000, 0x000000070d400000, 0x000000070d500000|  0%| F|  |TS  0|AC  0|TAMS 0x000000070d400000, 0x000000070d400000|
| 183|0x000000070d500000, 0x000000070d500000, 0x000000070d600000|  0%| F|  |TS  0|AC  0|TAMS 0x000000070d500000, 0x000000070d500000|
| 184|0x000000070d600000, 0x000000070d600000, 0x000000070d700000|  0%| F|  |TS  0|AC  0|TAMS 0x000000070d600000, 0x000000070d600000|
| 185|0x000000070d700000, 0x000000070d700000, 0x000000070d800000|  0%| F|  |TS  0|AC  0|TAMS 0x000000070d700000, 0x000000070d700000|
| 186|0x000000070d800000, 0x000000070d800000, 0x000000070d900000|  0%| F|  |TS  0|AC  0|TAMS 0x000000070d800000, 0x000000070d800000|
| 187|0x000000070d900000, 0x000000070d900000, 0x000000070da00000|  0%| F|  |TS  0|AC  0|TAMS 0x000000070d900000, 0x000000070d900000|
| 188|0x000000070da00000, 0x000000070da8ff70, 0x000000070db00000| 56%| E|  |TS  0|AC  0|TAMS 0x000000070da00000, 0x000000070da00000|
| 189|0x000000070db00000, 0x000000070dc00000, 0x000000070dc00000|100%| E|CS|TS  0|AC  0|TAMS 0x000000070db00000, 0x000000070db00000|
| 190|0x000000070dc00000, 0x000000070dd00000, 0x000000070dd00000|100%| E|CS|TS  0|AC  0|TAMS 0x000000070dc00000, 0x000000070dc00000|
| 191|0x000000070dd00000, 0x000000070de00000, 0x000000070de00000|100%| E|CS|TS  0|AC  0|TAMS 0x000000070dd00000, 0x000000070dd00000|

Card table byte_map: [0x0000021b6ee30000,0x0000021b6f430000] byte_map_base: 0x0000021b6b621000

Marking Bits (Prev, Next): (CMBitMap*) 0x0000021b5244e400, (CMBitMap*) 0x0000021b5244e438
 Prev Bits: [0x0000021b6fa30000, 0x0000021b729b8000)
 Next Bits: [0x0000021b729c0000, 0x0000021b75948000)

Polling page: 0x0000021b521b0000

CodeHeap 'non-profiled nmethods': size=120064Kb used=75Kb max_used=75Kb free=119988Kb
 bounds [0x0000021b66cd0000, 0x0000021b66f40000, 0x0000021b6e210000]
CodeHeap 'profiled nmethods': size=120000Kb used=400Kb max_used=400Kb free=119599Kb
 bounds [0x0000021b5f7a0000, 0x0000021b5fa10000, 0x0000021b66cd0000]
CodeHeap 'non-nmethods': size=5696Kb used=1055Kb max_used=1061Kb free=4641Kb
 bounds [0x0000021b5f210000, 0x0000021b5f480000, 0x0000021b5f7a0000]
 total_blobs=706 nmethods=289 adapters=256
 compilation: enabled

Compilation events (10 events):
Event: 0.324 Thread 0x0000021b7890a800  195       4       java.lang.StringUTF16::putChar (54 bytes)
Event: 0.325 Thread 0x0000021b7890a800 nmethod 195 0x0000021b66cdb310 code [0x0000021b66cdb4a0, 0x0000021b66cdb558]
Event: 0.331 Thread 0x0000021b78913800  196       1       java.security.ProtectionDomain::getCodeSource (5 bytes)
Event: 0.331 Thread 0x0000021b78913800 nmethod 196 0x0000021b66cdb610 code [0x0000021b66cdb7c0, 0x0000021b66cdb8d8]
Event: 0.332 Thread 0x0000021b78913800  197       3       java.lang.StringLatin1::replace (196 bytes)
Event: 0.333 Thread 0x0000021b78913800 nmethod 197 0x0000021b5f7e9110 code [0x0000021b5f7e9380, 0x0000021b5f7ea000]
Event: 0.333 Thread 0x0000021b78913800  198       1       java.net.URL::getFile (5 bytes)
Event: 0.333 Thread 0x0000021b78913800 nmethod 198 0x0000021b66cdb990 code [0x0000021b66cdbb40, 0x0000021b66cdbc58]
Event: 0.333 Thread 0x0000021b78913800  199       1       java.nio.Buffer::position (5 bytes)
Event: 0.333 Thread 0x0000021b78913800 nmethod 199 0x0000021b66cdbd10 code [0x0000021b66cdbec0, 0x0000021b66cdbfd8]

GC Heap History (0 events):
No events

Deoptimization events (1 events):
Event: 0.235 Thread 0x0000021b52392000 Uncommon trap: reason=unstable_if action=reinterpret pc=0x0000021b66cd408c method=java.lang.String.hashCode()I @ 14 c2

Classes redefined (0 events):
No events

Internal exceptions (2 events):
Event: 0.315 Thread 0x0000021b52392000 Exception <a 'java/io/FileNotFoundException'{0x000000070dce8730}> (0x000000070dce8730) thrown at [t:/workspace/open/src/hotspot/share/prims/jni.cpp, line 611]
Event: 0.319 Thread 0x0000021b52392000 Exception <a 'java/io/FileNotFoundException'{0x000000070dcfa428}> (0x000000070dcfa428) thrown at [t:/workspace/open/src/hotspot/share/prims/jni.cpp, line 611]

Events (10 events):
Event: 0.331 loading class com/module/interaction/ReaderHelper$ReaderBase done
Event: 0.331 loading class com/module/interaction/ReaderHelper$1
Event: 0.331 loading class com/module/interaction/ReaderHelper$1 done
Event: 0.332 loading class com/rfid/ReaderDataPackageParser
Event: 0.332 loading class com/rfid/ReaderDataPackageParser done
Event: 0.332 loading class com/module/interaction/ReaderHelper$ReaderBase$WaitThread
Event: 0.332 loading class com/module/interaction/ReaderHelper$ReaderBase$WaitThread done
Event: 0.333 Thread 0x0000021b78b79800 Thread added: 0x0000021b78b79800
Event: 0.333 loading class com/rfid/bean/MessageTran
Event: 0.333 loading class com/rfid/bean/MessageTran done


Dynamic libraries:
0x00007ff690aa0000 - 0x00007ff690ade000 	C:\Program Files\Java\jdk-10.0.2\bin\javaw.exe
0x00007ffc38340000 - 0x00007ffc38521000 	C:\WINDOWS\SYSTEM32\ntdll.dll
0x00007ffc35960000 - 0x00007ffc35a11000 	C:\WINDOWS\System32\KERNEL32.DLL
0x00007ffc34ec0000 - 0x00007ffc35133000 	C:\WINDOWS\System32\KERNELBASE.dll
0x00007ffc35d50000 - 0x00007ffc35df1000 	C:\WINDOWS\System32\ADVAPI32.dll
0x00007ffc35e00000 - 0x00007ffc35e9e000 	C:\WINDOWS\System32\msvcrt.dll
0x00007ffc36db0000 - 0x00007ffc36e0b000 	C:\WINDOWS\System32\sechost.dll
0x00007ffc36b70000 - 0x00007ffc36c94000 	C:\WINDOWS\System32\RPCRT4.dll
0x00007ffc357d0000 - 0x00007ffc35960000 	C:\WINDOWS\System32\USER32.dll
0x00007ffc354e0000 - 0x00007ffc35500000 	C:\WINDOWS\System32\win32u.dll
0x00007ffc36e20000 - 0x00007ffc36e48000 	C:\WINDOWS\System32\GDI32.dll
0x00007ffc35500000 - 0x00007ffc35692000 	C:\WINDOWS\System32\gdi32full.dll
0x00007ffc34710000 - 0x00007ffc347af000 	C:\WINDOWS\System32\msvcp_win.dll
0x00007ffc353e0000 - 0x00007ffc354d8000 	C:\WINDOWS\System32\ucrtbase.dll
0x00007ffc2e920000 - 0x00007ffc2eb89000 	C:\WINDOWS\WinSxS\amd64_microsoft.windows.common-controls_6595b64144ccf1df_6.0.17134.765_none_fb42a1a930655896\COMCTL32.dll
0x00007ffc35a20000 - 0x00007ffc35d42000 	C:\WINDOWS\System32\combase.dll
0x00007ffc35700000 - 0x00007ffc3577a000 	C:\WINDOWS\System32\bcryptPrimitives.dll
0x00007ffc29500000 - 0x00007ffc2950a000 	C:\WINDOWS\SYSTEM32\VERSION.dll
0x00007ffc36b40000 - 0x00007ffc36b6d000 	C:\WINDOWS\System32\IMM32.DLL
0x00007ffc0ad20000 - 0x00007ffc0ae0f000 	C:\Program Files\Java\jdk-10.0.2\bin\msvcr120.dll
0x00007ffc0cf20000 - 0x00007ffc0cfc6000 	C:\Program Files\Java\jdk-10.0.2\bin\msvcp120.dll
0x000000005bef0000 - 0x000000005c960000 	C:\Program Files\Java\jdk-10.0.2\bin\server\jvm.dll
0x00007ffc36e10000 - 0x00007ffc36e18000 	C:\WINDOWS\System32\PSAPI.DLL
0x00007ffc2f400000 - 0x00007ffc2f409000 	C:\WINDOWS\SYSTEM32\WSOCK32.dll
0x00007ffc35f20000 - 0x00007ffc35f8c000 	C:\WINDOWS\System32\WS2_32.dll
0x00007ffc328d0000 - 0x00007ffc328f3000 	C:\WINDOWS\SYSTEM32\WINMM.dll
0x00007ffc32790000 - 0x00007ffc327ba000 	C:\WINDOWS\SYSTEM32\WINMMBASE.dll
0x00007ffc35780000 - 0x00007ffc357c9000 	C:\WINDOWS\System32\cfgmgr32.dll
0x00007ffc2f120000 - 0x00007ffc2f12f000 	C:\Program Files\Java\jdk-10.0.2\bin\verify.dll
0x00007ffc1d5f0000 - 0x00007ffc1d7b9000 	C:\WINDOWS\SYSTEM32\DBGHELP.DLL
0x00007ffc1d5c0000 - 0x00007ffc1d5e9000 	C:\WINDOWS\SYSTEM32\dbgcore.DLL
0x00007ffc1b640000 - 0x00007ffc1b667000 	C:\Program Files\Java\jdk-10.0.2\bin\java.dll
0x00007ffc2b310000 - 0x00007ffc2b326000 	C:\Program Files\Java\jdk-10.0.2\bin\zip.dll
0x00007ffc2bc90000 - 0x00007ffc2bc9a000 	C:\Program Files\Java\jdk-10.0.2\bin\jimage.dll
0x00007ffc36ed0000 - 0x00007ffc38310000 	C:\WINDOWS\System32\SHELL32.dll
0x00007ffc360c0000 - 0x00007ffc36169000 	C:\WINDOWS\System32\shcore.dll
0x00007ffc347b0000 - 0x00007ffc34ebd000 	C:\WINDOWS\System32\windows.storage.dll
0x00007ffc36ca0000 - 0x00007ffc36cf1000 	C:\WINDOWS\System32\shlwapi.dll
0x00007ffc346d0000 - 0x00007ffc346e1000 	C:\WINDOWS\System32\kernel.appcore.dll
0x00007ffc346b0000 - 0x00007ffc346cf000 	C:\WINDOWS\System32\profapi.dll
0x00007ffc34660000 - 0x00007ffc346ac000 	C:\WINDOWS\System32\powrprof.dll
0x00007ffc34650000 - 0x00007ffc3465a000 	C:\WINDOWS\System32\FLTLIB.DLL
0x00007ffc22920000 - 0x00007ffc2293a000 	C:\Program Files\Java\jdk-10.0.2\bin\net.dll
0x00007ffc2d150000 - 0x00007ffc2d22d000 	C:\WINDOWS\SYSTEM32\WINHTTP.dll
0x00007ffc1f4e0000 - 0x00007ffc1f5d4000 	C:\Windows\Netease\UU\uu_lsp64.dll
0x00007ffc35140000 - 0x00007ffc35322000 	C:\WINDOWS\System32\CRYPT32.dll
0x00007ffc346f0000 - 0x00007ffc34702000 	C:\WINDOWS\System32\MSASN1.dll
0x00007ffc33bf0000 - 0x00007ffc33c28000 	C:\WINDOWS\SYSTEM32\IPHLPAPI.DLL
0x00007ffc33eb0000 - 0x00007ffc33f16000 	C:\WINDOWS\system32\mswsock.dll
0x00007ffc356a0000 - 0x00007ffc356f7000 	C:\WINDOWS\System32\WINTRUST.DLL
0x00007ffc36eb0000 - 0x00007ffc36ecd000 	C:\WINDOWS\System32\imagehlp.dll
0x00007ffc34080000 - 0x00007ffc34097000 	C:\WINDOWS\SYSTEM32\CRYPTSP.dll
0x00007ffc33a50000 - 0x00007ffc33a83000 	C:\WINDOWS\system32\rsaenh.dll
0x00007ffc341b0000 - 0x00007ffc341d5000 	C:\WINDOWS\SYSTEM32\bcrypt.dll
0x00007ffc340a0000 - 0x00007ffc340ab000 	C:\WINDOWS\SYSTEM32\CRYPTBASE.dll
0x00007ffc1a390000 - 0x00007ffc1a3a1000 	C:\Program Files\Java\jdk-10.0.2\bin\nio.dll
0x0000000180000000 - 0x0000000180025000 	C:\Program Files\Java\jdk-10.0.2\bin\rxtxSerial.dll

dbghelp: loaded successfully - version: 4.0.5 - missing functions: none
symbol engine: initialized successfully - sym options: 0x614 - pdb path: .;C:\Program Files\Java\jdk-10.0.2\bin;C:\WINDOWS\SYSTEM32;C:\WINDOWS\WinSxS\amd64_microsoft.windows.common-controls_6595b64144ccf1df_6.0.17134.765_none_fb42a1a930655896;C:\Program Files\Java\jdk-10.0.2\bin\server;C:\Windows\Netease\UU

VM Arguments:
jvm_args: -Djava.library.path=E:\qq相关\TIM文件\loognix\R2000\R2000 - 中文\开发sdk\JAVA桌面版本封装SDK\JavaRFID\javaRFID-demo\libs -Dfile.encoding=GBK 
java_command: com.main.test.Test
java_class_path (initial): E:\qq相关\TIM文件\loognix\R2000\R2000 - 中文\开发sdk\JAVA桌面版本封装SDK\JavaRFID\javaRFID-demo\bin;E:\qq相关\TIM文件\loognix\R2000\R2000 - 中文\开发sdk\JAVA桌面版本封装SDK\JavaRFID\javaRFID-demo\lib\RXTXcomm.jar
Launcher Type: SUN_STANDARD

Logging:
Log output configuration:
#0: stdout all=warning uptime,level,tags
#1: stderr all=off uptime,level,tags

Environment Variables:
JAVA_HOME=C:\Program Files\Java\jdk1.8.0_211
CLASSPATH=.;C:\Program Files\Java\jdk1.8.0_211\lib\dt.jar;C:\Program Files\Java\jdk1.8.0_211\lib\tools.jar
PATH=C:/Program Files/Java/jre1.8.0_211/bin/server;C:/Program Files/Java/jre1.8.0_211/bin;C:/Program Files/Java/jre1.8.0_211/lib/amd64;C:\Program Files (x86)\Common Files\Oracle\Java\javapath;C:\WINDOWS\system32;C:\WINDOWS;C:\WINDOWS\System32\Wbem;C:\WINDOWS\System32\WindowsPowerShell\v1.0\;C:\WINDOWS\System32\OpenSSH\;"C:\Program Files\Java\jdk1.8.0_211\bin;";"C:\Program Files\Java\jdk1.8.0_211\jre\bin;";"E:\Maven\apache-maven-3.6.1\bin;";C:\Users\某人G\AppData\Local\Programs\Python\Python37\Scripts\;C:\Users\某人G\AppData\Local\Programs\Python\Python37\;C:\Users\某人G\AppData\Local\Microsoft\WindowsApps;C:\Users\某人G\AppData\Local\GitHubDesktop\bin;C:\Program Files\JetBrains\PyCharm 2019.1.3\bin;;C:\Users\某人G\Downloads\eclipse;
USERNAME=TACT
OS=Windows_NT
PROCESSOR_IDENTIFIER=Intel64 Family 6 Model 78 Stepping 3, GenuineIntel



---------------  S Y S T E M  ---------------

OS: Windows 10 , 64 bit Build 17134 (10.0.17134.753)

CPU:total 4 (initial active 4) (2 cores per cpu, 2 threads per core) family 6 model 78 stepping 3, cmov, cx8, fxsr, mmx, sse, sse2, sse3, ssse3, sse4.1, sse4.2, popcnt, avx, avx2, aes, clmul, erms, 3dnowpref, lzcnt, ht, tsc, tscinvbit, bmi1, bmi2, adx, fma

Memory: 4k page, physical 12453736k(7615164k free), swap 14354280k(9168796k free)

vm_info: Java HotSpot(TM) 64-Bit Server VM (10.0.2+13) for windows-amd64 JRE (10.0.2+13), built on Jun 28 2018 01:57:56 by "mach5one" with MS VC++ 12.0 (VS2013)

END.
